# JRE version: Java(TM) SE Runtime Environment (15.0.1+9) (build 15.0.1+9-18)
# Java VM: Java HotSpot(TM) 64-Bit Server VM (15.0.1+9-18, mixed mode, sharing, tiered, compressed oops, g1 gc, windows-amd64)
GC Precious Log:
 CPUs: 4 total, 4 available
 Memory: 4070M
 Large Page Support: Disabled
 NUMA Support: Disabled
 Compressed Oops: Enabled (32-bit)
 Heap Region Size: 1M
 Heap Min Capacity: 8M
 Heap Initial Capacity: 64M
 Heap Max Capacity: 1018M
 Pre-touch: Disabled
 Parallel Workers: 4
 Concurrent Workers: 1
 Concurrent Refinement Workers: 4
 Periodic GC: Disabled
Heap:
 garbage-first heap   total 65536K, used 23871K [0x00000000c0600000, 0x0000000100000000)
  region size 1024K, 14 young (14336K), 1 survivors (1024K)
 Metaspace       used 18830K, capacity 19050K, committed 19072K, reserved 1073152K
  class space    used 2323K, capacity 2419K, committed 2432K, reserved 1048576K
GC Heap History (12 events):
Event: 39.318 GC heap before
{Heap before GC invocations=0 (full 0):
 garbage-first heap   total 65536K, used 13312K [0x00000000c0600000, 0x0000000100000000)
  region size 1024K, 13 young (13312K), 0 survivors (0K)
 Metaspace       used 2617K, capacity 5500K, committed 5632K, reserved 1056768K
  class space    used 236K, capacity 492K, committed 512K, reserved 1048576K
}
Event: 39.467 GC heap after
{Heap after GC invocations=1 (full 0):
 garbage-first heap   total 65536K, used 7232K [0x00000000c0600000, 0x0000000100000000)
  region size 1024K, 2 young (2048K), 2 survivors (2048K)
 Metaspace       used 2617K, capacity 5500K, committed 5632K, reserved 1056768K
  class space    used 236K, capacity 492K, committed 512K, reserved 1048576K
}
Event: 44.011 GC heap before
{Heap before GC invocations=1 (full 0):
 garbage-first heap   total 65536K, used 14400K [0x00000000c0600000, 0x0000000100000000)
  region size 1024K, 9 young (9216K), 2 survivors (2048K)
 Metaspace       used 4486K, capacity 6508K, committed 6528K, reserved 1056768K
  class space    used 472K, capacity 636K, committed 640K, reserved 1048576K
}
Event: 44.014 GC heap after
{Heap after GC invocations=2 (full 0):
 garbage-first heap   total 65536K, used 7628K [0x00000000c0600000, 0x0000000100000000)
  region size 1024K, 1 young (1024K), 1 survivors (1024K)
 Metaspace       used 4486K, capacity 6508K, committed 6528K, reserved 1056768K
  class space    used 472K, capacity 636K, committed 640K, reserved 1048576K
}
Event: 44.034 GC heap before
{Heap before GC invocations=2 (full 0):
 garbage-first heap   total 65536K, used 26060K [0x00000000c0600000, 0x0000000100000000)
  region size 1024K, 20 young (20480K), 1 survivors (1024K)
 Metaspace       used 4487K, capacity 6508K, committed 6528K, reserved 1056768K
  class space    used 472K, capacity 636K, committed 640K, reserved 1048576K
}
Event: 44.035 GC heap after
{Heap after GC invocations=3 (full 0):
 garbage-first heap   total 65536K, used 7734K [0x00000000c0600000, 0x0000000100000000)
  region size 1024K, 1 young (1024K), 1 survivors (1024K)
 Metaspace       used 4487K, capacity 6508K, committed 6528K, reserved 1056768K
  class space    used 472K, capacity 636K, committed 640K, reserved 1048576K
}
Event: 52.796 GC heap before
{Heap before GC invocations=3 (full 0):
 garbage-first heap   total 65536K, used 44598K [0x00000000c0600000, 0x0000000100000000)
  region size 1024K, 38 young (38912K), 1 survivors (1024K)
 Metaspace       used 8408K, capacity 9197K, committed 9344K, reserved 1056768K
  class space    used 1040K, capacity 1103K, committed 1152K, reserved 1048576K
}
Event: 52.800 GC heap after
{Heap after GC invocations=4 (full 0):
 garbage-first heap   total 65536K, used 9075K [0x00000000c0600000, 0x0000000100000000)
  region size 1024K, 2 young (2048K), 2 survivors (2048K)
 Metaspace       used 8408K, capacity 9197K, committed 9344K, reserved 1056768K
  class space    used 1040K, capacity 1103K, committed 1152K, reserved 1048576K
}
Event: 60.588 GC heap before
{Heap before GC invocations=4 (full 0):
 garbage-first heap   total 65536K, used 44915K [0x00000000c0600000, 0x0000000100000000)
  region size 1024K, 38 young (38912K), 2 survivors (2048K)
 Metaspace       used 15993K, capacity 16230K, committed 16512K, reserved 1062912K
  class space    used 2024K, capacity 2095K, committed 2176K, reserved 1048576K
}
Event: 60.595 GC heap after
{Heap after GC invocations=5 (full 0):
 garbage-first heap   total 65536K, used 11127K [0x00000000c0600000, 0x0000000100000000)
  region size 1024K, 4 young (4096K), 4 survivors (4096K)
 Metaspace       used 15993K, capacity 16230K, committed 16512K, reserved 1062912K
  class space    used 2024K, capacity 2095K, committed 2176K, reserved 1048576K
}
Event: 60.609 GC heap before
{Heap before GC invocations=5 (full 0):
 garbage-first heap   total 65536K, used 44919K [0x00000000c0600000, 0x0000000100000000)
  region size 1024K, 38 young (38912K), 4 survivors (4096K)
 Metaspace       used 15995K, capacity 16230K, committed 16512K, reserved 1062912K
  class space    used 2024K, capacity 2095K, committed 2176K, reserved 1048576K
}
Event: 60.615 GC heap after
{Heap after GC invocations=6 (full 0):
 garbage-first heap   total 65536K, used 11384K [0x00000000c0600000, 0x0000000100000000)
  region size 1024K, 3 young (3072K), 3 survivors (3072K)
 Metaspace       used 15995K, capacity 16230K, committed 16512K, reserved 1062912K
  class space    used 2024K, capacity 2095K, committed 2176K, reserved 1048576K
}

