# JRE version: Java(TM) SE Runtime Environment (15.0.1+9) (build 15.0.1+9-18)
# Java VM: Java HotSpot(TM) 64-Bit Server VM (15.0.1+9-18, mixed mode, sharing, tiered, compressed oops, g1 gc, windows-amd64)
GC Precious Log:
 CPUs: 4 total, 4 available
 Memory: 4070M
 Large Page Support: Disabled
 NUMA Support: Disabled
 Compressed Oops: Enabled (32-bit)
 Heap Region Size: 1M
 Heap Min Capacity: 8M
 Heap Initial Capacity: 64M
 Heap Max Capacity: 1018M
 Pre-touch: Disabled
 Parallel Workers: 4
 Concurrent Workers: 1
 Concurrent Refinement Workers: 4
 Periodic GC: Disabled
Heap:
 garbage-first heap   total 78848K, used 54684K [0x00000000c0600000, 0x0000000100000000)
  region size 1024K, 26 young (26624K), 4 survivors (4096K)
 Metaspace       used 64578K, capacity 65236K, committed 65280K, reserved 1105920K
  class space    used 8239K, capacity 8411K, committed 8448K, reserved 1048576K
GC Heap History (20 events):
Event: 1489.962 GC heap before
{Heap before GC invocations=31 (full 0):
 garbage-first heap   total 65536K, used 53139K [0x00000000c0600000, 0x0000000100000000)
  region size 1024K, 19 young (19456K), 2 survivors (2048K)
 Metaspace       used 62622K, capacity 63139K, committed 63360K, reserved 1103872K
  class space    used 8040K, capacity 8234K, committed 8320K, reserved 1048576K
}
Event: 1489.966 GC heap after
{Heap after GC invocations=32 (full 0):
 garbage-first heap   total 65536K, used 35664K [0x00000000c0600000, 0x0000000100000000)
  region size 1024K, 2 young (2048K), 2 survivors (2048K)
 Metaspace       used 62622K, capacity 63139K, committed 63360K, reserved 1103872K
  class space    used 8040K, capacity 8234K, committed 8320K, reserved 1048576K
}
Event: 1964.650 GC heap before
{Heap before GC invocations=33 (full 0):
 garbage-first heap   total 65536K, used 54096K [0x00000000c0600000, 0x0000000100000000)
  region size 1024K, 20 young (20480K), 2 survivors (2048K)
 Metaspace       used 62519K, capacity 63034K, committed 63360K, reserved 1103872K
  class space    used 8019K, capacity 8191K, committed 8320K, reserved 1048576K
}
Event: 1964.655 GC heap after
{Heap after GC invocations=34 (full 0):
 garbage-first heap   total 65536K, used 35647K [0x00000000c0600000, 0x0000000100000000)
  region size 1024K, 2 young (2048K), 2 survivors (2048K)
 Metaspace       used 62519K, capacity 63034K, committed 63360K, reserved 1103872K
  class space    used 8019K, capacity 8191K, committed 8320K, reserved 1048576K
}
Event: 1990.630 GC heap before
{Heap before GC invocations=34 (full 0):
 garbage-first heap   total 65536K, used 36671K [0x00000000c0600000, 0x0000000100000000)
  region size 1024K, 3 young (3072K), 2 survivors (2048K)
 Metaspace       used 62519K, capacity 63034K, committed 63360K, reserved 1103872K
  class space    used 8019K, capacity 8191K, committed 8320K, reserved 1048576K
}
Event: 1990.652 GC heap after
{Heap after GC invocations=35 (full 0):
 garbage-first heap   total 65536K, used 33050K [0x00000000c0600000, 0x0000000100000000)
  region size 1024K, 1 young (1024K), 1 survivors (1024K)
 Metaspace       used 62519K, capacity 63034K, committed 63360K, reserved 1103872K
  class space    used 8019K, capacity 8191K, committed 8320K, reserved 1048576K
}
Event: 2043.084 GC heap before
{Heap before GC invocations=35 (full 0):
 garbage-first heap   total 65536K, used 35098K [0x00000000c0600000, 0x0000000100000000)
  region size 1024K, 3 young (3072K), 1 survivors (1024K)
 Metaspace       used 62519K, capacity 63034K, committed 63360K, reserved 1103872K
  class space    used 8019K, capacity 8191K, committed 8320K, reserved 1048576K
}
Event: 2043.097 GC heap after
{Heap after GC invocations=36 (full 0):
 garbage-first heap   total 65536K, used 31184K [0x00000000c0600000, 0x0000000100000000)
  region size 1024K, 1 young (1024K), 1 survivors (1024K)
 Metaspace       used 62519K, capacity 63034K, committed 63360K, reserved 1103872K
  class space    used 8019K, capacity 8191K, committed 8320K, reserved 1048576K
}
Event: 2178.167 GC heap before
{Heap before GC invocations=36 (full 0):
 garbage-first heap   total 65536K, used 39376K [0x00000000c0600000, 0x0000000100000000)
  region size 1024K, 10 young (10240K), 1 survivors (1024K)
 Metaspace       used 62696K, capacity 63235K, committed 63616K, reserved 1103872K
  class space    used 8046K, capacity 8194K, committed 8320K, reserved 1048576K
}
Event: 2178.238 GC heap after
{Heap after GC invocations=37 (full 1):
 garbage-first heap   total 65536K, used 25066K [0x00000000c0600000, 0x0000000100000000)
  region size 1024K, 0 young (0K), 0 survivors (0K)
 Metaspace       used 62693K, capacity 63229K, committed 63616K, reserved 1103872K
  class space    used 8045K, capacity 8192K, committed 8320K, reserved 1048576K
}
Event: 2181.610 GC heap before
{Heap before GC invocations=37 (full 1):
 garbage-first heap   total 65536K, used 53738K [0x00000000c0600000, 0x0000000100000000)
  region size 1024K, 28 young (28672K), 0 survivors (0K)
 Metaspace       used 63001K, capacity 63574K, committed 63872K, reserved 1105920K
  class space    used 8072K, capacity 8257K, committed 8320K, reserved 1048576K
}
Event: 2181.615 GC heap after
{Heap after GC invocations=38 (full 1):
 garbage-first heap   total 65536K, used 27158K [0x00000000c0600000, 0x0000000100000000)
  region size 1024K, 3 young (3072K), 3 survivors (3072K)
 Metaspace       used 63001K, capacity 63574K, committed 63872K, reserved 1105920K
  class space    used 8072K, capacity 8257K, committed 8320K, reserved 1048576K
}
Event: 2182.659 GC heap before
{Heap before GC invocations=38 (full 1):
 garbage-first heap   total 65536K, used 51734K [0x00000000c0600000, 0x0000000100000000)
  region size 1024K, 28 young (28672K), 3 survivors (3072K)
 Metaspace       used 63228K, capacity 63856K, committed 64128K, reserved 1105920K
  class space    used 8077K, capacity 8262K, committed 8320K, reserved 1048576K
}
Event: 2182.665 GC heap after
{Heap after GC invocations=39 (full 1):
 garbage-first heap   total 65536K, used 29331K [0x00000000c0600000, 0x0000000100000000)
  region size 1024K, 4 young (4096K), 4 survivors (4096K)
 Metaspace       used 63228K, capacity 63856K, committed 64128K, reserved 1105920K
  class space    used 8077K, capacity 8262K, committed 8320K, reserved 1048576K
}
Event: 2182.670 GC heap before
{Heap before GC invocations=39 (full 1):
 garbage-first heap   total 65536K, used 50835K [0x00000000c0600000, 0x0000000100000000)
  region size 1024K, 26 young (26624K), 4 survivors (4096K)
 Metaspace       used 63228K, capacity 63856K, committed 64128K, reserved 1105920K
  class space    used 8077K, capacity 8262K, committed 8320K, reserved 1048576K
}
Event: 2182.675 GC heap after
{Heap after GC invocations=40 (full 1):
 garbage-first heap   total 65536K, used 29398K [0x00000000c0600000, 0x0000000100000000)
  region size 1024K, 1 young (1024K), 1 survivors (1024K)
 Metaspace       used 63228K, capacity 63856K, committed 64128K, reserved 1105920K
  class space    used 8077K, capacity 8262K, committed 8320K, reserved 1048576K
}
Event: 2182.910 GC heap before
{Heap before GC invocations=40 (full 1):
 garbage-first heap   total 65536K, used 50902K [0x00000000c0600000, 0x0000000100000000)
  region size 1024K, 23 young (23552K), 1 survivors (1024K)
 Metaspace       used 63307K, capacity 63926K, committed 64128K, reserved 1105920K
  class space    used 8080K, capacity 8263K, committed 8320K, reserved 1048576K
}
Event: 2182.912 GC heap after
{Heap after GC invocations=41 (full 1):
 garbage-first heap   total 65536K, used 30549K [0x00000000c0600000, 0x0000000100000000)
  region size 1024K, 2 young (2048K), 2 survivors (2048K)
 Metaspace       used 63307K, capacity 63926K, committed 64128K, reserved 1105920K
  class space    used 8080K, capacity 8263K, committed 8320K, reserved 1048576K
}
Event: 2182.920 GC heap before
{Heap before GC invocations=41 (full 1):
 garbage-first heap   total 65536K, used 50005K [0x00000000c0600000, 0x0000000100000000)
  region size 1024K, 22 young (22528K), 2 survivors (2048K)
 Metaspace       used 63307K, capacity 63926K, committed 64128K, reserved 1105920K
  class space    used 8080K, capacity 8263K, committed 8320K, reserved 1048576K
}
Event: 2182.922 GC heap after
{Heap after GC invocations=42 (full 1):
 garbage-first heap   total 65536K, used 30597K [0x00000000c0600000, 0x0000000100000000)
  region size 1024K, 2 young (2048K), 2 survivors (2048K)
 Metaspace       used 63307K, capacity 63926K, committed 64128K, reserved 1105920K
  class space    used 8080K, capacity 8263K, committed 8320K, reserved 1048576K
}

