# JRE version: Java(TM) SE Runtime Environment (15.0.1+9) (build 15.0.1+9-18)
# Java VM: Java HotSpot(TM) 64-Bit Server VM (15.0.1+9-18, mixed mode, sharing, tiered, compressed oops, g1 gc, windows-amd64)
GC Precious Log:
 CPUs: 4 total, 4 available
 Memory: 4070M
 Large Page Support: Disabled
 NUMA Support: Disabled
 Compressed Oops: Enabled (32-bit)
 Heap Region Size: 1M
 Heap Min Capacity: 8M
 Heap Initial Capacity: 64M
 Heap Max Capacity: 1018M
 Pre-touch: Disabled
 Parallel Workers: 4
 Concurrent Workers: 1
 Concurrent Refinement Workers: 4
 Periodic GC: Disabled
Heap:
 garbage-first heap   total 48128K, used 26996K [0x00000000c0600000, 0x0000000100000000)
  region size 1024K, 11 young (11264K), 1 survivors (1024K)
 Metaspace       used 31180K, capacity 31631K, committed 31744K, reserved 1077248K
  class space    used 3860K, capacity 4029K, committed 4096K, reserved 1048576K
GC Heap History (20 events):
Event: 7.135 GC heap before
{Heap before GC invocations=5 (full 0):
 garbage-first heap   total 65536K, used 44802K [0x00000000c0600000, 0x0000000100000000)
  region size 1024K, 38 young (38912K), 4 survivors (4096K)
 Metaspace       used 16451K, capacity 16678K, committed 16768K, reserved 1064960K
  class space    used 2077K, capacity 2159K, committed 2176K, reserved 1048576K
}
Event: 7.139 GC heap after
{Heap after GC invocations=6 (full 0):
 garbage-first heap   total 65536K, used 11274K [0x00000000c0600000, 0x0000000100000000)
  region size 1024K, 3 young (3072K), 3 survivors (3072K)
 Metaspace       used 16451K, capacity 16678K, committed 16768K, reserved 1064960K
  class space    used 2077K, capacity 2159K, committed 2176K, reserved 1048576K
}
Event: 9.014 GC heap before
{Heap before GC invocations=6 (full 0):
 garbage-first heap   total 65536K, used 46090K [0x00000000c0600000, 0x0000000100000000)
  region size 1024K, 38 young (38912K), 3 survivors (3072K)
 Metaspace       used 20780K, capacity 21088K, committed 21120K, reserved 1067008K
  class space    used 2575K, capacity 2666K, committed 2688K, reserved 1048576K
}
Event: 9.018 GC heap after
{Heap after GC invocations=7 (full 0):
 garbage-first heap   total 65536K, used 12580K [0x00000000c0600000, 0x0000000100000000)
  region size 1024K, 4 young (4096K), 4 survivors (4096K)
 Metaspace       used 20780K, capacity 21088K, committed 21120K, reserved 1067008K
  class space    used 2575K, capacity 2666K, committed 2688K, reserved 1048576K
}
Event: 9.048 GC heap before
{Heap before GC invocations=7 (full 0):
 garbage-first heap   total 65536K, used 12580K [0x00000000c0600000, 0x0000000100000000)
  region size 1024K, 5 young (5120K), 4 survivors (4096K)
 Metaspace       used 20961K, capacity 21216K, committed 21296K, reserved 1069056K
  class space    used 2598K, capacity 2666K, committed 2688K, reserved 1048576K
}
Event: 9.059 GC heap after
{Heap after GC invocations=8 (full 0):
 garbage-first heap   total 65536K, used 12691K [0x00000000c0600000, 0x0000000100000000)
  region size 1024K, 2 young (2048K), 2 survivors (2048K)
 Metaspace       used 20961K, capacity 21216K, committed 21296K, reserved 1069056K
  class space    used 2598K, capacity 2666K, committed 2688K, reserved 1048576K
}
Event: 10.372 GC heap before
{Heap before GC invocations=9 (full 0):
 garbage-first heap   total 48128K, used 39315K [0x00000000c0600000, 0x0000000100000000)
  region size 1024K, 28 young (28672K), 2 survivors (2048K)
 Metaspace       used 24715K, capacity 25095K, committed 25344K, reserved 1071104K
  class space    used 3100K, capacity 3229K, committed 3328K, reserved 1048576K
}
Event: 10.376 GC heap after
{Heap after GC invocations=10 (full 0):
 garbage-first heap   total 48128K, used 14404K [0x00000000c0600000, 0x0000000100000000)
  region size 1024K, 4 young (4096K), 4 survivors (4096K)
 Metaspace       used 24715K, capacity 25095K, committed 25344K, reserved 1071104K
  class space    used 3100K, capacity 3229K, committed 3328K, reserved 1048576K
}
Event: 11.353 GC heap before
{Heap before GC invocations=10 (full 0):
 garbage-first heap   total 48128K, used 36932K [0x00000000c0600000, 0x0000000100000000)
  region size 1024K, 26 young (26624K), 4 survivors (4096K)
 Metaspace       used 27538K, capacity 27908K, committed 28032K, reserved 1073152K
  class space    used 3451K, capacity 3600K, committed 3712K, reserved 1048576K
}
Event: 11.361 GC heap after
{Heap after GC invocations=11 (full 0):
 garbage-first heap   total 48128K, used 16613K [0x00000000c0600000, 0x0000000100000000)
  region size 1024K, 4 young (4096K), 4 survivors (4096K)
 Metaspace       used 27538K, capacity 27908K, committed 28032K, reserved 1073152K
  class space    used 3451K, capacity 3600K, committed 3712K, reserved 1048576K
}
Event: 13.212 GC heap before
{Heap before GC invocations=11 (full 0):
 garbage-first heap   total 48128K, used 36069K [0x00000000c0600000, 0x0000000100000000)
  region size 1024K, 24 young (24576K), 4 survivors (4096K)
 Metaspace       used 30049K, capacity 30412K, committed 30592K, reserved 1075200K
  class space    used 3755K, capacity 3900K, committed 3968K, reserved 1048576K
}
Event: 13.218 GC heap after
{Heap after GC invocations=12 (full 0):
 garbage-first heap   total 48128K, used 18370K [0x00000000c0600000, 0x0000000100000000)
  region size 1024K, 2 young (2048K), 2 survivors (2048K)
 Metaspace       used 30049K, capacity 30412K, committed 30592K, reserved 1075200K
  class space    used 3755K, capacity 3900K, committed 3968K, reserved 1048576K
}
Event: 13.223 GC heap before
{Heap before GC invocations=12 (full 0):
 garbage-first heap   total 48128K, used 35778K [0x00000000c0600000, 0x0000000100000000)
  region size 1024K, 20 young (20480K), 2 survivors (2048K)
 Metaspace       used 30049K, capacity 30412K, committed 30592K, reserved 1075200K
  class space    used 3755K, capacity 3900K, committed 3968K, reserved 1048576K
}
Event: 13.226 GC heap after
{Heap after GC invocations=13 (full 0):
 garbage-first heap   total 48128K, used 18349K [0x00000000c0600000, 0x0000000100000000)
  region size 1024K, 2 young (2048K), 2 survivors (2048K)
 Metaspace       used 30049K, capacity 30412K, committed 30592K, reserved 1075200K
  class space    used 3755K, capacity 3900K, committed 3968K, reserved 1048576K
}
Event: 13.644 GC heap before
{Heap before GC invocations=13 (full 0):
 garbage-first heap   total 48128K, used 36781K [0x00000000c0600000, 0x0000000100000000)
  region size 1024K, 21 young (21504K), 2 survivors (2048K)
 Metaspace       used 30770K, capacity 31212K, committed 31488K, reserved 1077248K
  class space    used 3816K, capacity 3996K, committed 4096K, reserved 1048576K
}
Event: 13.647 GC heap after
{Heap after GC invocations=14 (full 0):
 garbage-first heap   total 48128K, used 18736K [0x00000000c0600000, 0x0000000100000000)
  region size 1024K, 1 young (1024K), 1 survivors (1024K)
 Metaspace       used 30770K, capacity 31212K, committed 31488K, reserved 1077248K
  class space    used 3816K, capacity 3996K, committed 4096K, reserved 1048576K
}
Event: 13.667 GC heap before
{Heap before GC invocations=14 (full 0):
 garbage-first heap   total 48128K, used 36144K [0x00000000c0600000, 0x0000000100000000)
  region size 1024K, 19 young (19456K), 1 survivors (1024K)
 Metaspace       used 30781K, capacity 31212K, committed 31488K, reserved 1077248K
  class space    used 3816K, capacity 3996K, committed 4096K, reserved 1048576K
}
Event: 13.668 GC heap after
{Heap after GC invocations=15 (full 0):
 garbage-first heap   total 48128K, used 18810K [0x00000000c0600000, 0x0000000100000000)
  region size 1024K, 1 young (1024K), 1 survivors (1024K)
 Metaspace       used 30781K, capacity 31212K, committed 31488K, reserved 1077248K
  class space    used 3816K, capacity 3996K, committed 4096K, reserved 1048576K
}
Event: 13.674 GC heap before
{Heap before GC invocations=15 (full 0):
 garbage-first heap   total 48128K, used 37242K [0x00000000c0600000, 0x0000000100000000)
  region size 1024K, 20 young (20480K), 1 survivors (1024K)
 Metaspace       used 30781K, capacity 31212K, committed 31488K, reserved 1077248K
  class space    used 3816K, capacity 3996K, committed 4096K, reserved 1048576K
}
Event: 13.675 GC heap after
{Heap after GC invocations=16 (full 0):
 garbage-first heap   total 48128K, used 18804K [0x00000000c0600000, 0x0000000100000000)
  region size 1024K, 1 young (1024K), 1 survivors (1024K)
 Metaspace       used 30781K, capacity 31212K, committed 31488K, reserved 1077248K
  class space    used 3816K, capacity 3996K, committed 4096K, reserved 1048576K
}

