# JRE version: Java(TM) SE Runtime Environment (15.0.1+9) (build 15.0.1+9-18)
# Java VM: Java HotSpot(TM) 64-Bit Server VM (15.0.1+9-18, mixed mode, sharing, tiered, compressed oops, g1 gc, windows-amd64)
GC Precious Log:
 CPUs: 4 total, 4 available
 Memory: 4070M
 Large Page Support: Disabled
 NUMA Support: Disabled
 Compressed Oops: Enabled (32-bit)
 Heap Region Size: 1M
 Heap Min Capacity: 8M
 Heap Initial Capacity: 64M
 Heap Max Capacity: 1018M
 Pre-touch: Disabled
 Parallel Workers: 4
 Concurrent Workers: 1
 Concurrent Refinement Workers: 4
 Periodic GC: Disabled
Heap:
 garbage-first heap   total 51200K, used 28870K [0x00000000c0600000, 0x0000000100000000)
  region size 1024K, 14 young (14336K), 2 survivors (2048K)
 Metaspace       used 30691K, capacity 31110K, committed 31356K, reserved 1077248K
  class space    used 3810K, capacity 3962K, committed 4044K, reserved 1048576K
GC Heap History (20 events):
Event: 51.512 GC heap before
{Heap before GC invocations=2 (full 0):
 garbage-first heap   total 65536K, used 26129K [0x00000000c0600000, 0x0000000100000000)
  region size 1024K, 20 young (20480K), 1 survivors (1024K)
 Metaspace       used 4487K, capacity 6508K, committed 6528K, reserved 1056768K
  class space    used 472K, capacity 636K, committed 640K, reserved 1048576K
}
Event: 51.514 GC heap after
{Heap after GC invocations=3 (full 0):
 garbage-first heap   total 65536K, used 7820K [0x00000000c0600000, 0x0000000100000000)
  region size 1024K, 1 young (1024K), 1 survivors (1024K)
 Metaspace       used 4487K, capacity 6508K, committed 6528K, reserved 1056768K
  class space    used 472K, capacity 636K, committed 640K, reserved 1048576K
}
Event: 62.795 GC heap before
{Heap before GC invocations=3 (full 0):
 garbage-first heap   total 65536K, used 44684K [0x00000000c0600000, 0x0000000100000000)
  region size 1024K, 38 young (38912K), 1 survivors (1024K)
 Metaspace       used 8415K, capacity 9197K, committed 9344K, reserved 1056768K
  class space    used 1039K, capacity 1103K, committed 1152K, reserved 1048576K
}
Event: 62.799 GC heap after
{Heap after GC invocations=4 (full 0):
 garbage-first heap   total 65536K, used 9123K [0x00000000c0600000, 0x0000000100000000)
  region size 1024K, 2 young (2048K), 2 survivors (2048K)
 Metaspace       used 8415K, capacity 9197K, committed 9344K, reserved 1056768K
  class space    used 1039K, capacity 1103K, committed 1152K, reserved 1048576K
}
Event: 78.270 GC heap before
{Heap before GC invocations=4 (full 0):
 garbage-first heap   total 65536K, used 44963K [0x00000000c0600000, 0x0000000100000000)
  region size 1024K, 38 young (38912K), 2 survivors (2048K)
 Metaspace       used 15016K, capacity 15203K, committed 15360K, reserved 1062912K
  class space    used 1938K, capacity 1989K, committed 2048K, reserved 1048576K
}
Event: 78.277 GC heap after
{Heap after GC invocations=5 (full 0):
 garbage-first heap   total 65536K, used 11116K [0x00000000c0600000, 0x0000000100000000)
  region size 1024K, 4 young (4096K), 4 survivors (4096K)
 Metaspace       used 15016K, capacity 15203K, committed 15360K, reserved 1062912K
  class space    used 1938K, capacity 1989K, committed 2048K, reserved 1048576K
}
Event: 81.423 GC heap before
{Heap before GC invocations=5 (full 0):
 garbage-first heap   total 65536K, used 44908K [0x00000000c0600000, 0x0000000100000000)
  region size 1024K, 38 young (38912K), 4 survivors (4096K)
 Metaspace       used 15888K, capacity 16165K, committed 16256K, reserved 1062912K
  class space    used 2019K, capacity 2095K, committed 2176K, reserved 1048576K
}
Event: 81.430 GC heap after
{Heap after GC invocations=6 (full 0):
 garbage-first heap   total 65536K, used 11698K [0x00000000c0600000, 0x0000000100000000)
  region size 1024K, 3 young (3072K), 3 survivors (3072K)
 Metaspace       used 15888K, capacity 16165K, committed 16256K, reserved 1062912K
  class space    used 2019K, capacity 2095K, committed 2176K, reserved 1048576K
}
Event: 94.542 GC heap before
{Heap before GC invocations=6 (full 0):
 garbage-first heap   total 65536K, used 47538K [0x00000000c0600000, 0x0000000100000000)
  region size 1024K, 38 young (38912K), 3 survivors (3072K)
 Metaspace       used 20601K, capacity 20928K, committed 21120K, reserved 1067008K
  class space    used 2549K, capacity 2634K, committed 2688K, reserved 1048576K
}
Event: 94.545 GC heap after
{Heap after GC invocations=7 (full 0):
 garbage-first heap   total 65536K, used 13110K [0x00000000c0600000, 0x0000000100000000)
  region size 1024K, 4 young (4096K), 4 survivors (4096K)
 Metaspace       used 20601K, capacity 20928K, committed 21120K, reserved 1067008K
  class space    used 2549K, capacity 2634K, committed 2688K, reserved 1048576K
}
Event: 95.481 GC heap before
{Heap before GC invocations=7 (full 0):
 garbage-first heap   total 65536K, used 15158K [0x00000000c0600000, 0x0000000100000000)
  region size 1024K, 7 young (7168K), 4 survivors (4096K)
 Metaspace       used 20957K, capacity 21216K, committed 21296K, reserved 1069056K
  class space    used 2595K, capacity 2666K, committed 2688K, reserved 1048576K
}
Event: 95.510 GC heap after
{Heap after GC invocations=8 (full 0):
 garbage-first heap   total 65536K, used 12822K [0x00000000c0600000, 0x0000000100000000)
  region size 1024K, 2 young (2048K), 2 survivors (2048K)
 Metaspace       used 20957K, capacity 21216K, committed 21296K, reserved 1069056K
  class space    used 2595K, capacity 2666K, committed 2688K, reserved 1048576K
}
Event: 109.196 GC heap before
{Heap before GC invocations=9 (full 0):
 garbage-first heap   total 51200K, used 40470K [0x00000000c0600000, 0x0000000100000000)
  region size 1024K, 30 young (30720K), 2 survivors (2048K)
 Metaspace       used 25120K, capacity 25476K, committed 25852K, reserved 1071104K
  class space    used 3155K, capacity 3292K, committed 3404K, reserved 1048576K
}
Event: 109.200 GC heap after
{Heap after GC invocations=10 (full 0):
 garbage-first heap   total 51200K, used 14864K [0x00000000c0600000, 0x0000000100000000)
  region size 1024K, 4 young (4096K), 4 survivors (4096K)
 Metaspace       used 25120K, capacity 25476K, committed 25852K, reserved 1071104K
  class space    used 3155K, capacity 3292K, committed 3404K, reserved 1048576K
}
Event: 115.521 GC heap before
{Heap before GC invocations=10 (full 0):
 garbage-first heap   total 51200K, used 38416K [0x00000000c0600000, 0x0000000100000000)
  region size 1024K, 28 young (28672K), 4 survivors (4096K)
 Metaspace       used 27967K, capacity 28376K, committed 28540K, reserved 1075200K
  class space    used 3541K, capacity 3670K, committed 3788K, reserved 1048576K
}
Event: 115.528 GC heap after
{Heap after GC invocations=11 (full 0):
 garbage-first heap   total 51200K, used 17734K [0x00000000c0600000, 0x0000000100000000)
  region size 1024K, 4 young (4096K), 4 survivors (4096K)
 Metaspace       used 27967K, capacity 28376K, committed 28540K, reserved 1075200K
  class space    used 3541K, capacity 3670K, committed 3788K, reserved 1048576K
}
Event: 150.234 GC heap before
{Heap before GC invocations=11 (full 0):
 garbage-first heap   total 51200K, used 37190K [0x00000000c0600000, 0x0000000100000000)
  region size 1024K, 24 young (24576K), 4 survivors (4096K)
 Metaspace       used 30015K, capacity 30406K, committed 30460K, reserved 1075200K
  class space    used 3755K, capacity 3898K, committed 3916K, reserved 1048576K
}
Event: 150.240 GC heap after
{Heap after GC invocations=12 (full 0):
 garbage-first heap   total 51200K, used 18627K [0x00000000c0600000, 0x0000000100000000)
  region size 1024K, 2 young (2048K), 2 survivors (2048K)
 Metaspace       used 30015K, capacity 30406K, committed 30460K, reserved 1075200K
  class space    used 3755K, capacity 3898K, committed 3916K, reserved 1048576K
}
Event: 150.245 GC heap before
{Heap before GC invocations=12 (full 0):
 garbage-first heap   total 51200K, used 38083K [0x00000000c0600000, 0x0000000100000000)
  region size 1024K, 22 young (22528K), 2 survivors (2048K)
 Metaspace       used 30015K, capacity 30406K, committed 30460K, reserved 1075200K
  class space    used 3755K, capacity 3898K, committed 3916K, reserved 1048576K
}
Event: 150.248 GC heap after
{Heap after GC invocations=13 (full 0):
 garbage-first heap   total 51200K, used 18630K [0x00000000c0600000, 0x0000000100000000)
  region size 1024K, 2 young (2048K), 2 survivors (2048K)
 Metaspace       used 30015K, capacity 30406K, committed 30460K, reserved 1075200K
  class space    used 3755K, capacity 3898K, committed 3916K, reserved 1048576K
}

