# JRE version: Java(TM) SE Runtime Environment (15.0.1+9) (build 15.0.1+9-18)
# Java VM: Java HotSpot(TM) 64-Bit Server VM (15.0.1+9-18, mixed mode, sharing, tiered, compressed oops, g1 gc, windows-amd64)
GC Precious Log:
 CPUs: 4 total, 4 available
 Memory: 4070M
 Large Page Support: Disabled
 NUMA Support: Disabled
 Compressed Oops: Enabled (32-bit)
 Heap Region Size: 1M
 Heap Min Capacity: 8M
 Heap Initial Capacity: 64M
 Heap Max Capacity: 1018M
 Pre-touch: Disabled
 Parallel Workers: 4
 Concurrent Workers: 1
 Concurrent Refinement Workers: 4
 Periodic GC: Disabled
Heap:
 garbage-first heap   total 65536K, used 25213K [0x00000000c0600000, 0x0000000100000000)
  region size 1024K, 21 young (21504K), 5 survivors (5120K)
 Metaspace       used 13442K, capacity 14780K, committed 15104K, reserved 1062912K
  class space    used 1499K, capacity 1693K, committed 1792K, reserved 1048576K
GC Heap History (8 events):
Event: 28.156 GC heap before
{Heap before GC invocations=0 (full 0):
 garbage-first heap   total 65536K, used 13312K [0x00000000c0600000, 0x0000000100000000)
  region size 1024K, 13 young (13312K), 0 survivors (0K)
 Metaspace       used 4167K, capacity 6696K, committed 6912K, reserved 1056768K
  class space    used 434K, capacity 700K, committed 768K, reserved 1048576K
}
Event: 28.202 GC heap after
{Heap after GC invocations=1 (full 0):
 garbage-first heap   total 65536K, used 3296K [0x00000000c0600000, 0x0000000100000000)
  region size 1024K, 2 young (2048K), 2 survivors (2048K)
 Metaspace       used 4167K, capacity 6696K, committed 6912K, reserved 1056768K
  class space    used 434K, capacity 700K, committed 768K, reserved 1048576K
}
Event: 28.951 GC heap before
{Heap before GC invocations=1 (full 0):
 garbage-first heap   total 65536K, used 15584K [0x00000000c0600000, 0x0000000100000000)
  region size 1024K, 14 young (14336K), 2 survivors (2048K)
 Metaspace       used 5802K, capacity 7819K, committed 8064K, reserved 1056768K
  class space    used 666K, capacity 861K, committed 896K, reserved 1048576K
}
Event: 28.955 GC heap after
{Heap after GC invocations=2 (full 0):
 garbage-first heap   total 65536K, used 4121K [0x00000000c0600000, 0x0000000100000000)
  region size 1024K, 1 young (1024K), 1 survivors (1024K)
 Metaspace       used 5802K, capacity 7819K, committed 8064K, reserved 1056768K
  class space    used 666K, capacity 861K, committed 896K, reserved 1048576K
}
Event: 29.856 GC heap before
{Heap before GC invocations=2 (full 0):
 garbage-first heap   total 65536K, used 27673K [0x00000000c0600000, 0x0000000100000000)
  region size 1024K, 24 young (24576K), 1 survivors (1024K)
 Metaspace       used 10075K, capacity 11811K, committed 12032K, reserved 1060864K
  class space    used 1197K, capacity 1419K, committed 1536K, reserved 1048576K
}
Event: 29.861 GC heap after
{Heap after GC invocations=3 (full 0):
 garbage-first heap   total 65536K, used 5240K [0x00000000c0600000, 0x0000000100000000)
  region size 1024K, 2 young (2048K), 2 survivors (2048K)
 Metaspace       used 10075K, capacity 11811K, committed 12032K, reserved 1060864K
  class space    used 1197K, capacity 1419K, committed 1536K, reserved 1048576K
}
Event: 44.723 GC heap before
{Heap before GC invocations=3 (full 0):
 garbage-first heap   total 65536K, used 42104K [0x00000000c0600000, 0x0000000100000000)
  region size 1024K, 38 young (38912K), 2 survivors (2048K)
 Metaspace       used 13319K, capacity 14703K, committed 14848K, reserved 1062912K
  class space    used 1496K, capacity 1689K, committed 1792K, reserved 1048576K
}
Event: 44.737 GC heap after
{Heap after GC invocations=4 (full 0):
 garbage-first heap   total 65536K, used 9853K [0x00000000c0600000, 0x0000000100000000)
  region size 1024K, 5 young (5120K), 5 survivors (5120K)
 Metaspace       used 13319K, capacity 14703K, committed 14848K, reserved 1062912K
  class space    used 1496K, capacity 1689K, committed 1792K, reserved 1048576K
}

